{
  "RSpec": {
    "coverage": {
      "/home/kleer/Desktop/SimonRecargado/kleer_la_simonrecargado/spec/game_spec.rb": [
        1,
        null,
        1,
        null,
        1,
        7,
        null,
        null,
        1,
        1,
        null,
        null,
        1,
        1,
        null,
        null,
        null,
        1,
        1,
        null,
        null,
        1,
        1,
        null,
        null,
        1,
        1,
        null,
        null,
        1,
        1,
        1,
        null,
        null,
        1,
        1,
        1,
        null,
        null,
        null
      ],
      "/home/kleer/Desktop/SimonRecargado/kleer_la_simonrecargado/lib/SimonRecargado.rb": [
        1,
        null,
        null,
        1,
        null,
        1,
        7,
        7,
        null,
        null,
        1,
        5,
        5,
        5,
        5,
        null,
        5,
        2,
        null,
        3,
        null,
        5,
        null,
        5,
        5,
        null,
        null,
        null,
        1,
        2,
        null,
        null
      ]
    },
    "timestamp": 1417812310
  }
}
